"../../../ProjectSputter/Content/StarterContent/Materials/M_Basic_Wall.uasset" 0
"../../../ProjectSputter/Content/StarterContent/Architecture/Pillar_50x500.uasset" 1
"../../../ProjectSputter/Content/StarterContent/Architecture/Wall_400x300.uasset" 2
"../../../ProjectSputter/Content/StarterContent/Architecture/Wall_400x400.uasset" 3
"../../../ProjectSputter/Content/StarterContent/Architecture/Wall_500x500.uasset" 4
"../../../ProjectSputter/Content/StarterContent/Architecture/Wall_Door_400x400.uasset" 5
"../../../ProjectSputter/Content/StarterContent/Architecture/Wall_Window_400x400.uasset" 6
"../../../ProjectSputter/Content/StarterContent/Audio/Light01_Cue.uasset" 7
"../../../ProjectSputter/Content/StarterContent/Audio/Light02_Cue.uasset" 8
"../../../ProjectSputter/Content/StarterContent/Audio/Explosion_Cue.uasset" 9
"../../../ProjectSputter/Content/StarterContent/Textures/T_Burst_M.uasset" 10
"../../../ProjectSputter/Content/StarterContent/Particles/Materials/M_Burst.uasset" 11
"../../../ProjectSputter/Content/StarterContent/Textures/T_Explosion_SubUV.uasset" 12
"../../../ProjectSputter/Content/StarterContent/Particles/Materials/M_explosion_subUV.uasset" 13
"../../../ProjectSputter/Content/StarterContent/Particles/Materials/m_flare_01.uasset" 14
"../../../Engine/Content/Functions/Engine_MaterialFunctions01/Gradient/RadialGradient.uasset" 15
"../../../ProjectSputter/Content/StarterContent/Particles/Materials/M_radial_ramp.uasset" 16
"../../../ProjectSputter/Content/StarterContent/Textures/T_Smoke_SubUV.uasset" 17
"../../../ProjectSputter/Content/StarterContent/Textures/T_Smoke_Tiled_D.uasset" 18
"../../../ProjectSputter/Content/StarterContent/Particles/Materials/M_smoke_subUV.uasset" 19
"../../../ProjectSputter/Content/StarterContent/Particles/P_Explosion.uasset" 20
"../../../ProjectSputter/Content/StarterContent/Blueprints/Blueprint_Effect_Explosion.uasset" 21
"../../../Engine/Content/EditorMeshes/ColorCalibrator/T_ColorGrid.uasset" 22
"../../../ProjectSputter/Content/StarterContent/Materials/M_ColorGrid_LowSpec.uasset" 23
"../../../ProjectSputter/Content/StarterContent/Textures/T_Bush_D.uasset" 24
"../../../ProjectSputter/Content/StarterContent/Textures/T_Bush_N.uasset" 25
"../../../ProjectSputter/Content/StarterContent/Props/Materials/M_Bush.uasset" 26
"../../../ProjectSputter/Content/StarterContent/Props/SM_Bush.uasset" 27
"../../../ProjectSputter/Content/StarterContent/Textures/T_Chair_M.uasset" 28
"../../../ProjectSputter/Content/StarterContent/Textures/T_Chair_N.uasset" 29
"../../../ProjectSputter/Content/StarterContent/Props/Materials/M_Chair.uasset" 30
"../../../ProjectSputter/Content/StarterContent/Props/SM_Couch.uasset" 31
"../../../ProjectSputter/Content/StarterContent/Materials/M_Glass.uasset" 32
"../../../ProjectSputter/Content/StarterContent/Textures/T_Door_M.uasset" 33
"../../../ProjectSputter/Content/StarterContent/Textures/T_Door_N.uasset" 34
"../../../ProjectSputter/Content/StarterContent/Props/Materials/M_Door.uasset" 35
"../../../ProjectSputter/Content/StarterContent/Props/SM_Door.uasset" 36
"../../../ProjectSputter/Content/StarterContent/Props/Materials/M_MaterialSphere.uasset" 37
"../../../ProjectSputter/Content/StarterContent/Props/Materials/M_MaterialSphere_Plain.uasset" 38
"../../../ProjectSputter/Content/StarterContent/Props/SM_MatPreviewMesh_02.uasset" 39
"../../../Engine/Content/Functions/Engine_MaterialFunctions02/Utility/BlendAngleCorrectedNormals.uasset" 40
"../../../ProjectSputter/Content/StarterContent/Textures/T_Detail_Rocky_N.uasset" 41
"../../../ProjectSputter/Content/StarterContent/Textures/T_Rock_Basalt_D.uasset" 42
"../../../ProjectSputter/Content/StarterContent/Textures/T_RockMesh_M.uasset" 43
"../../../ProjectSputter/Content/StarterContent/Textures/T_RockMesh_N.uasset" 44
"../../../ProjectSputter/Content/StarterContent/Props/Materials/M_Rock.uasset" 45
"../../../ProjectSputter/Content/StarterContent/Props/SM_Rock.uasset" 46
"../../../ProjectSputter/Content/StarterContent/Textures/T_Shelf_M.uasset" 47
"../../../ProjectSputter/Content/StarterContent/Textures/T_Shelf_N.uasset" 48
"../../../ProjectSputter/Content/StarterContent/Props/Materials/M_Shelf.uasset" 49
"../../../ProjectSputter/Content/StarterContent/Props/SM_Shelf.uasset" 50
"../../../ProjectSputter/Content/StarterContent/Materials/M_Basic_Floor.uasset" 51
"../../../ProjectSputter/Content/StarterContent/Props/SM_Stairs.uasset" 52
"../../../ProjectSputter/Content/StarterContent/Shapes/Shape_Cone.uasset" 53
"../../../ProjectSputter/Content/StarterContent/Shapes/Shape_Cylinder.uasset" 54
"../../../ProjectSputter/Content/StarterContent/Shapes/Shape_NarrowCapsule.uasset" 55
"../../../ProjectSputter/Content/StarterContent/Shapes/Shape_Pipe.uasset" 56
"../../../ProjectSputter/Content/StarterContent/Shapes/Shape_Pipe_180.uasset" 57
"../../../ProjectSputter/Content/StarterContent/Shapes/Shape_Pipe_90.uasset" 58
"../../../ProjectSputter/Content/StarterContent/Shapes/Shape_Plane.uasset" 59
"../../../ProjectSputter/Content/StarterContent/Shapes/Shape_Torus.uasset" 60
"../../../ProjectSputter/Content/StarterContent/Shapes/Shape_Trim.uasset" 61
"../../../ProjectSputter/Content/StarterContent/Shapes/Shape_Trim_90_In.uasset" 62
"../../../ProjectSputter/Content/StarterContent/Shapes/Shape_Trim_90_Out.uasset" 63
"../../../ProjectSputter/Content/StarterContent/Shapes/Shape_TriPyramid.uasset" 64
"../../../ProjectSputter/Content/StarterContent/Shapes/Shape_Tube.uasset" 65
"../../../ProjectSputter/Content/StarterContent/Shapes/Shape_Wedge_A.uasset" 66
"../../../ProjectSputter/Content/StarterContent/Shapes/Shape_Wedge_B.uasset" 67
"../../../ProjectSputter/Content/StarterContent/Shapes/Shape_WideCapsule.uasset" 68
"../../../ProjectSputter/Content/TwinStickBP/Blueprints/TwinStickController.uasset" 69
"../../../Engine/Content/Functions/Engine_MaterialFunctions01/Opacity/CameraDepthFade.uasset" 70
"../../../Engine/Content/EngineMaterials/T_Default_Material_Grid_M.uasset" 71
"../../../Engine/Content/EngineMaterials/T_Default_Material_Grid_N.uasset" 72
"../../../Engine/Content/EngineMaterials/WorldGridMaterial.uasset" 73
"../../../Engine/Content/ArtTools/RenderToTexture/Meshes/S_1_Unit_Plane.uasset" 74
"../../../Engine/Content/EngineMaterials/DefaultMaterial.uasset" 75
"../../../Engine/Content/BasicShapes/Cone.uasset" 76
"../../../Engine/Content/BasicShapes/Cube.uasset" 77
"../../../Engine/Content/BasicShapes/Cylinder.uasset" 78
"../../../Engine/Content/BasicShapes/Plane.uasset" 79
"../../../Engine/Content/EngineMaterials/DefaultPhysicalMaterial.uasset" 80
"../../../Engine/Content/BufferVisualization/AmbientOcclusion.uasset" 81
"../../../Engine/Content/BufferVisualization/BaseColor.uasset" 82
"../../../Engine/Content/BufferVisualization/CustomDepth.uasset" 83
"../../../Engine/Content/Functions/Engine_MaterialFunctions02/Utility/VectorLength.uasset" 84
"../../../Engine/Content/BufferVisualization/CustomDepthWorldUnits.uasset" 85
"../../../Engine/Content/Functions/Engine_MaterialFunctions02/Utility/BreakOutFloat2Components.uasset" 86
"../../../Engine/Content/Functions/Engine_MaterialFunctions01/Texturing/ScaleUVsByCenter.uasset" 87
"../../../Engine/Content/Functions/Engine_MaterialFunctions02/ScreenResolution.uasset" 88
"../../../Engine/Content/Functions/Engine_MaterialFunctions02/Texturing/ScreenAlignedUVs.uasset" 89
"../../../Engine/Content/Functions/Engine_MaterialFunctions02/Utility/MakeFloat2.uasset" 90
"../../../Engine/Content/Functions/Engine_MaterialFunctions02/Utility/MakeFloat3.uasset" 91
"../../../Engine/Content/EngineMaterials/MiniFont.uasset" 92
"../../../Engine/Content/BufferVisualization/CustomStencil.uasset" 93
"../../../Engine/Content/BufferVisualization/FinalImage.uasset" 94
"../../../Engine/Content/BufferVisualization/LightingModel.uasset" 95
"../../../Engine/Content/BufferVisualization/MaterialAO.uasset" 96
"../../../Engine/Content/BufferVisualization/Metallic.uasset" 97
"../../../Engine/Content/BufferVisualization/Opacity.uasset" 98
"../../../Engine/Content/BufferVisualization/PostTonemapHDRColor.uasset" 99
"../../../Engine/Content/BufferVisualization/PreTonemapHDRColor.uasset" 100
"../../../Engine/Content/BufferVisualization/Roughness.uasset" 101
"../../../Engine/Content/BufferVisualization/SceneColor.uasset" 102
"../../../Engine/Content/BufferVisualization/SceneDepth.uasset" 103
"../../../Engine/Content/BufferVisualization/SceneDepthWorldUnits.uasset" 104
"../../../Engine/Content/BufferVisualization/SeparateTranslucencyA.uasset" 105
"../../../Engine/Content/BufferVisualization/SeparateTranslucencyRGB.uasset" 106
"../../../Engine/Content/BufferVisualization/Specular.uasset" 107
"../../../Engine/Content/BufferVisualization/SubsurfaceColor.uasset" 108
"../../../Engine/Content/BufferVisualization/WorldNormal.uasset" 109
"../../../Engine/Content/EditorLandscapeResources/DataLayer.uasset" 110
"../../../Engine/Content/EditorLandscapeResources/DefaultAlphaTexture.uasset" 111
"../../../Engine/Content/EditorLandscapeResources/LandscapeGizmoHeight_Mat.uasset" 112
"../../../Engine/Content/EditorLandscapeResources/LandscapeGizmo_Mat.uasset" 113
"../../../Engine/Content/EditorLandscapeResources/LandscapeGizmo_Mat_Copied.uasset" 114
"../../../Engine/Content/EditorLandscapeResources/SplineEditorMeshMat.uasset" 115
"../../../Engine/Content/EditorLandscapeResources/SplineEditorMesh.uasset" 116
"../../../Engine/Content/EditorMaterials/Cross.uasset" 117
"../../../Engine/Content/EditorMaterials/Cross_Mat.uasset" 118
"../../../Engine/Content/EditorMaterials/GizmoMaterial.uasset" 119
"../../../Engine/Content/Functions/Engine_MaterialFunctions02/Utility/Sign.uasset" 120
"../../../Engine/Content/Functions/Engine_MaterialFunctions02/Utility/Round.uasset" 121
"../../../Engine/Content/Functions/Engine_MaterialFunctions02/ExampleContent/Textures/flipbook.uasset" 122
"../../../Engine/Content/Functions/Engine_MaterialFunctions02/Texturing/FlipBook.uasset" 123
"../../../Engine/Content/EditorResources/T_EditorHelp.uasset" 124
"../../../Engine/Content/EditorMaterials/HelpActorMaterial.uasset" 125
"../../../Engine/Content/EditorMaterials/CompositeARGBLayer.uasset" 126
"../../../Engine/Content/EditorMaterials/TilingAALineIntegral.uasset" 127
"../../../Engine/Content/EditorMaterials/TilingAALineBoxFiltered.uasset" 128
"../../../Engine/Content/Functions/Engine_MaterialFunctions03/Procedurals/ComputeFilterWidth.uasset" 129
"../../../Engine/Content/EditorMaterials/TilingAADots.uasset" 130
"../../../Engine/Content/EditorMaterials/Cascade/CASC_Cross.uasset" 131
"../../../Engine/Content/EditorMaterials/Cascade/CASC_None.uasset" 132
"../../../Engine/Content/Functions/Engine_MaterialFunctions03/Blends/Blend_Screen.uasset" 133
"../../../Engine/Content/EditorMaterials/TilingAAGrid.uasset" 134
"../../../Engine/Content/EditorMaterials/LevelGridMaterial.uasset" 135
"../../../Engine/Content/EditorMaterials/MakeCompositeARGBLayer.uasset" 136
"../../../Engine/Content/EditorResources/LevelGrid1DStripes.uasset" 137
"../../../Engine/Content/EditorMaterials/TextureGridCascaded1D.uasset" 138
"../../../Engine/Content/EditorMaterials/TextureGridCascaded2D.uasset" 139
"../../../Engine/Content/EditorMaterials/LevelGridMaterial2.uasset" 140
"../../../Engine/Content/EditorMaterials/MAT_Groups_Toggle.uasset" 141
"../../../Engine/Content/EditorMaterials/MAT_Groups_Visibility.uasset" 142
"../../../Engine/Content/EditorMaterials/PhAT_BoneSelectedMaterial.uasset" 143
"../../../Engine/Content/EditorMaterials/PhAT_ElemSelectedMaterial.uasset" 144
"../../../Engine/Content/EditorMaterials/PhAT_NoCollisionMaterial.uasset" 145
"../../../Engine/Content/EditorMaterials/PhAT_UnselectedMaterial.uasset" 146
"../../../Engine/Content/EditorMaterials/PreviewShadowIndicator.uasset" 147
"../../../Engine/Content/EditorMaterials/PreviewShadowIndicatorMaterial.uasset" 148
"../../../Engine/Content/EditorMaterials/TargetIcon.uasset" 149
"../../../Engine/Content/EditorMaterials/Tick.uasset" 150
"../../../Engine/Content/EditorMaterials/Tick_Mat.uasset" 151
"../../../Engine/Content/EditorMaterials/WidgetGridVertexColorMaterial.uasset" 152
"../../../Engine/Content/EditorMaterials/WidgetGridVertexColorMaterial_Ma.uasset" 153
"../../../Engine/Content/EditorMaterials/WidgetMaterial.uasset" 154
"../../../Engine/Content/EditorMaterials/WidgetMaterial_Current.uasset" 155
"../../../Engine/Content/EditorMaterials/WidgetMaterial_X.uasset" 156
"../../../Engine/Content/EditorMaterials/WidgetMaterial_Y.uasset" 157
"../../../Engine/Content/EditorMaterials/WidgetMaterial_Z.uasset" 158
"../../../Engine/Content/EditorMaterials/WidgetVertexColorMaterial.uasset" 159
"../../../Engine/Content/EditorMaterials/AssetViewer/EpicQuadPanorama_CC+EV1.uasset" 160
"../../../Engine/Content/EditorMaterials/MatineeGroups/MAT_ColorTrack.uasset" 161
"../../../Engine/Content/EditorMaterials/MatineeGroups/MAT_Groups_Anim.uasset" 162
"../../../Engine/Content/EditorMaterials/MatineeGroups/MAT_Groups_AudioMaster.uasset" 163
"../../../Engine/Content/EditorMaterials/MatineeGroups/MAT_Groups_Director.uasset" 164
"../../../Engine/Content/EditorMaterials/MatineeGroups/MAT_Groups_Event.uasset" 165
"../../../Engine/Content/EditorMaterials/MatineeGroups/MAT_Groups_Fade.uasset" 166
"../../../Engine/Content/EditorMaterials/MatineeGroups/MAT_Groups_Float.uasset" 167
"../../../Engine/Content/EditorMaterials/MatineeGroups/MAT_Groups_Move.uasset" 168
"../../../Engine/Content/EditorMaterials/MatineeGroups/MAT_Groups_Slomo.uasset" 169
"../../../Engine/Content/EditorMaterials/MatineeGroups/MAT_Groups_Sound.uasset" 170
"../../../Engine/Content/EditorMaterials/MatineeGroups/MAT_Groups_Vector.uasset" 171
"../../../Engine/Content/EditorMaterials/ParticleSystems/PSysThumbnail_NoImage.uasset" 172
"../../../Engine/Content/EditorMaterials/ParticleSystems/PSysThumbnail_OOD.uasset" 173
"../../../Engine/Content/EngineMaterials/Grid.uasset" 174
"../../../Engine/Content/EditorMaterials/Thumbnails/FloorPlaneMaterial.uasset" 175
"../../../Engine/Content/EditorMeshes/EditorCylinder.uasset" 176
"../../../Engine/Content/EditorMeshes/EditorPlane.uasset" 177
"../../../Engine/Content/EditorMaterials/Thumbnails/SkySphereMaterial.uasset" 178
"../../../Engine/Content/EditorMeshes/EditorSkySphere.uasset" 179
"../../../Engine/Content/EditorMeshes/EditorSphere.uasset" 180
"../../../Engine/Content/EditorResources/MatineeCam_D.uasset" 181
"../../../Engine/Content/EditorMaterials/MatineeCam_mat.uasset" 182
"../../../Engine/Content/EditorMeshes/MatineeCam_SM.uasset" 183
"../../../Engine/Content/EditorMaterials/Camera/CineMat.uasset" 184
"../../../Engine/Content/EditorMaterials/Camera/MI_CineMat_CameraBody.uasset" 185
"../../../Engine/Content/EngineDebugMaterials/M_SimpleOpaque.uasset" 186
"../../../Engine/Content/EditorMaterials/Camera/MI_CineMat_CamViewFinder.uasset" 187
"../../../Engine/Content/EditorMeshes/Camera/SM_CineCam.uasset" 188
"../../../Engine/Content/EditorMaterials/Camera/MI_CineMat_Rig.uasset" 189
"../../../Engine/Content/EditorMeshes/Camera/SM_CraneRig_Arm.uasset" 190
"../../../Engine/Content/EditorMeshes/Camera/SM_CraneRig_Base.uasset" 191
"../../../Engine/Content/EditorMeshes/Camera/SM_CraneRig_Body.uasset" 192
"../../../Engine/Content/EditorMeshes/Camera/SM_CraneRig_Mount.uasset" 193
"../../../Engine/Content/EditorMeshes/Camera/SM_RailRig_Mount.uasset" 194
"../../../Engine/Content/EditorMeshes/Camera/SM_RailRig_Track.uasset" 195
"../../../Engine/Content/EditorResources/Bad.uasset" 196
"../../../Engine/Content/EditorResources/BSPVertex.uasset" 197
"../../../Engine/Content/EditorResources/EmptyActor.uasset" 198
"../../../Engine/Content/EditorResources/MatInstActSprite.uasset" 199
"../../../Engine/Content/EditorResources/SceneManager.uasset" 200
"../../../Engine/Content/EditorResources/SmallFont.uasset" 201
"../../../Engine/Content/EditorResources/S_Actor.uasset" 202
"../../../Engine/Content/EditorResources/S_DecalActorIcon.uasset" 203
"../../../Engine/Content/EditorResources/S_Emitter.uasset" 204
"../../../Engine/Content/EditorResources/S_ExpoHeightFog.uasset" 205
"../../../Engine/Content/EditorResources/S_FTest.uasset" 206
"../../../Engine/Content/EditorResources/S_KBSJoint.uasset" 207
"../../../Engine/Content/EditorResources/S_KHinge.uasset" 208
"../../../Engine/Content/EditorResources/S_KPrismatic.uasset" 209
"../../../Engine/Content/EditorResources/S_LevelSequence.uasset" 210
"../../../Engine/Content/EditorResources/S_NavP.uasset" 211
"../../../Engine/Content/EditorResources/S_Note.uasset" 212
"../../../Engine/Content/EditorResources/S_Player.uasset" 213
"../../../Engine/Content/EditorResources/S_PortalActorIcon2.uasset" 214
"../../../Engine/Content/EditorResources/S_RadForce.uasset" 215
"../../../Engine/Content/EditorResources/S_ReflActorIcon.uasset" 216
"../../../Engine/Content/EditorResources/S_Terrain.uasset" 217
"../../../Engine/Content/EditorResources/S_TextRenderActorIcon.uasset" 218
"../../../Engine/Content/EditorResources/S_Thruster.uasset" 219
"../../../Engine/Content/EditorResources/S_Trigger.uasset" 220
"../../../Engine/Content/EditorResources/S_VectorFieldVol.uasset" 221
"../../../Engine/Content/EditorResources/S_WindDirectional.uasset" 222
"../../../Engine/Content/EditorResources/AI/S_NavLink.uasset" 223
"../../../Engine/Content/EditorResources/AudioIcons/S_AudioComponent.uasset" 224
"../../../Engine/Content/EditorResources/AudioIcons/S_AudioComponent_AutoActivate.uasset" 225
"../../../Engine/Content/EditorResources/LightIcons/SkyLight.uasset" 226
"../../../Engine/Content/EditorResources/LightIcons/S_LightDirectional.uasset" 227
"../../../Engine/Content/EditorResources/LightIcons/S_LightDirectionalMove.uasset" 228
"../../../Engine/Content/EditorResources/LightIcons/S_LightError.uasset" 229
"../../../Engine/Content/EditorResources/LightIcons/S_LightPoint.uasset" 230
"../../../Engine/Content/EditorResources/LightIcons/S_LightPointMove.uasset" 231
"../../../Engine/Content/EditorResources/LightIcons/S_LightSpot.uasset" 232
"../../../Engine/Content/EditorResources/LightIcons/S_LightSpotMove.uasset" 233
"../../../Engine/Content/EditorResources/SequenceRecorder/Countdown.uasset" 234
"../../../Engine/Content/EditorResources/SequenceRecorder/RecordingIndicator.uasset" 235
"../../../Engine/Content/EditorResources/Spline/T_Loft_Spline.uasset" 236
"../../../Engine/Content/EditorSounds/Notifications/CompileFailed.uasset" 237
"../../../Engine/Content/EditorSounds/Notifications/CompileFailed_Cue.uasset" 238
"../../../Engine/Content/EditorSounds/Notifications/CompileSuccess.uasset" 239
"../../../Engine/Content/EditorSounds/Notifications/CompileStart_Cue.uasset" 240
"../../../Engine/Content/EditorSounds/Notifications/CompileSuccess_Cue.uasset" 241
"../../../Engine/Content/EngineDamageTypes/DmgTypeBP_Environmental.uasset" 242
"../../../Engine/Content/EngineDebugMaterials/HeatmapGradient.uasset" 243
"../../../Engine/Content/EngineDebugMaterials/BoneWeightMaterial.uasset" 244
"../../../Engine/Content/EngineDebugMaterials/ClothMaterial.uasset" 245
"../../../Engine/Content/EngineDebugMaterials/DebugMeshMaterial.uasset" 246
"../../../Engine/Content/EngineDebugMaterials/GeomMaterial.uasset" 247
"../../../Engine/Content/Functions/Engine_MaterialFunctions01/Shading/ConvertFromDiffSpec.uasset" 248
"../../../Engine/Content/EngineDebugMaterials/LevelColorationLitMaterial.uasset" 249
"../../../Engine/Content/EngineDebugMaterials/LevelColorationUnlitMaterial.uasset" 250
"../../../Engine/Content/EngineMaterials/DefaultWhiteGrid.uasset" 251
"../../../Engine/Content/EngineDebugMaterials/MAT_LevelColorationLitLightmapUV.uasset" 252
"../../../Engine/Content/EngineDebugMaterials/M_SimpleTranslucent.uasset" 253
"../../../Engine/Content/EngineDebugMaterials/ShadedLevelColorationLitMaterial.uasset" 254
"../../../Engine/Content/EngineDebugMaterials/ShadedLevelColorationUnlitMateri.uasset" 255
"../../../Engine/Content/EngineDebugMaterials/VertexColorMaterial.uasset" 256
"../../../Engine/Content/EngineDebugMaterials/VertexColorViewMode_AlphaAsColor.uasset" 257
"../../../Engine/Content/EngineDebugMaterials/VertexColorViewMode_BlueOnly.uasset" 258
"../../../Engine/Content/EngineDebugMaterials/VertexColorViewMode_ColorOnly.uasset" 259
"../../../Engine/Content/EngineDebugMaterials/VertexColorViewMode_GreenOnly.uasset" 260
"../../../Engine/Content/EngineDebugMaterials/VertexColorViewMode_RedOnly.uasset" 261
"../../../Engine/Content/EngineDebugMaterials/WireframeMaterial.uasset" 262
"../../../Engine/Content/EngineFonts/Faces/RobotoBold.uasset" 263
"../../../Engine/Content/EngineFonts/Faces/RobotoBoldItalic.uasset" 264
"../../../Engine/Content/EngineFonts/Faces/RobotoItalic.uasset" 265
"../../../Engine/Content/EngineFonts/Faces/RobotoLight.uasset" 266
"../../../Engine/Content/EngineFonts/Faces/RobotoRegular.uasset" 267
"../../../Engine/Content/EngineFonts/Roboto.uasset" 268
"../../../Engine/Content/EngineFonts/Faces/RobotoTiny.uasset" 269
"../../../Engine/Content/EngineFonts/RobotoTiny.uasset" 270
"../../../Engine/Content/EngineFonts/SmallFont.uasset" 271
"../../../Engine/Content/EngineFonts/TinyFont.uasset" 272
"../../../Engine/Content/EngineResources/WhiteSquareTexture.uasset" 273
"../../../Engine/Content/EngineMaterials/BlinkingCaret.uasset" 274
"../../../Engine/Content/EngineMaterials/DefaultBloomKernel.uasset" 275
"../../../Engine/Content/EngineMaterials/DefaultBokeh.uasset" 276
"../../../Engine/Content/EngineMaterials/DefaultDiffuse.uasset" 277
"../../../Engine/Content/EngineMaterials/DefaultDeferredDecalMaterial.uasset" 278
"../../../Engine/Content/EngineMaterials/DefaultLightFunctionMaterial.uasset" 279
"../../../Engine/Content/EngineMaterials/DefaultNormal.uasset" 280
"../../../Engine/Content/EngineMaterials/DefaultPostProcessMaterial.uasset" 281
"../../../Engine/Content/EngineFonts/RobotoDistanceField.uasset" 282
"../../../Engine/Content/EngineMaterials/DefaultTextMaterialOpaque.uasset" 283
"../../../Engine/Content/EngineMaterials/EditorBrushMaterial.uasset" 284
"../../../Engine/Content/EngineMaterials/Good64x64TilingNoiseHighFreq.uasset" 285
"../../../Engine/Content/EngineMaterials/Grid_N.uasset" 286
"../../../Engine/Content/EngineMaterials/HighResolutionScreenshotMaskFunction.uasset" 287
"../../../Engine/Content/EngineMaterials/HighResScreenshot.uasset" 288
"../../../Engine/Content/EngineMaterials/HighResScreenshotCaptureRegion.uasset" 289
"../../../Engine/Content/EngineMaterials/HighResScreenshotMask.uasset" 290
"../../../Engine/Content/EngineMaterials/LandscapeHolePhysicalMaterial.uasset" 291
"../../../Engine/Content/EngineMaterials/InvalidLightmapSettings.uasset" 292
"../../../Engine/Content/EngineMaterials/M_InvalidLightmapSettings.uasset" 293
"../../../Engine/Content/EngineMaterials/PaperDiffuse.uasset" 294
"../../../Engine/Content/EngineMaterials/PaperNormal.uasset" 295
"../../../Engine/Content/EngineMaterials/PhAT_JointLimitMaterial.uasset" 296
"../../../Engine/Content/EngineMaterials/PhysMat_Rubber.uasset" 297
"../../../Engine/Content/EngineMaterials/PreintegratedSkinBRDF.uasset" 298
"../../../Engine/Content/EngineMaterials/RemoveSurfaceMaterial.uasset" 299
"../../../Engine/Content/EngineMaterials/WeightMapPlaceholderTexture.uasset" 300
"../../../Engine/Content/EngineMaterials/Widget3DPassThrough.uasset" 301
"../../../Engine/Content/EngineMaterials/Widget3DPassThrough_Masked.uasset" 302
"../../../Engine/Content/EngineMaterials/Widget3DPassThrough_Opaque.uasset" 303
"../../../Engine/Content/EngineMaterials/Widget3DPassThrough_Masked_OneSided.uasset" 304
"../../../Engine/Content/EngineMaterials/Widget3DPassThrough_Opaque_OneSided.uasset" 305
"../../../Engine/Content/EngineMaterials/Widget3DPassThrough_Translucent.uasset" 306
"../../../Engine/Content/EngineMaterials/Widget3DPassThrough_Translucent_OneSided.uasset" 307
"../../../Engine/Content/EngineMeshes/Cube.uasset" 308
"../../../Engine/Content/EngineMeshes/Cylinder.uasset" 309
"../../../Engine/Content/EngineMeshes/Sphere.uasset" 310
"../../../Engine/Content/EngineResources/Black.uasset" 311
"../../../Engine/Content/EngineResources/DefaultTexture.uasset" 312
"../../../Engine/Content/EngineResources/DefaultTextureCube.uasset" 313
"../../../Engine/Content/EngineResources/GradientTexture0.uasset" 314
"../../../Engine/Content/EngineResources/StreamingPauseIcon.uasset" 315
"../../../Engine/Content/EngineResources/M_StreamingPause.uasset" 316
"../../../Engine/Content/EngineSounds/Master.uasset" 317
"../../../Engine/Content/Functions/Engine_MaterialFunctions01/Shading/PowerToRoughness.uasset" 318
"../../../Engine/Content/Maps/Templates/Thumbnails/Default.uasset" 319
"../../../Engine/Content/Maps/Templates/Thumbnails/VR-Basic.uasset" 320
"../../../Engine/Content/MobileResources/T_MobileControls_texture.uasset" 321
"../../../Engine/Content/MobileResources/T_MobileMenu2.uasset" 322
"../../../Engine/Content/MobileResources/HUD/AnalogHat.uasset" 323
"../../../Engine/Content/MobileResources/HUD/VirtualJoystick_Background.uasset" 324
"../../../Engine/Content/MobileResources/HUD/VirtualJoystick_Thumb.uasset" 325
"../../../Engine/Content/MobileResources/HUD/DefaultVirtualJoysticks.uasset" 326
"../../../Engine/Content/MobileResources/HUD/LeftVirtualJoystickOnly.uasset" 327
"../../../Engine/Content/MobileResources/HUD/MobileHUDButton1_off.uasset" 328
"../../../Engine/Content/MobileResources/HUD/MobileHUDButton1_on.uasset" 329
"../../../Engine/Content/MobileResources/HUD/MobileHUDButton2_off.uasset" 330
"../../../Engine/Content/MobileResources/HUD/MobileHUDButton2_on.uasset" 331
"../../../Engine/Content/MobileResources/HUD/MobileHUDButton3.uasset" 332
"../../../Engine/Content/MobileResources/HUD/MobileHUDButtonFire.uasset" 333
"../../../Engine/Content/MobileResources/HUD/MobileHUDDirectionPad.uasset" 334
"../../../Engine/Content/MobileResources/HUD/MobileHUDDirectionPad2.uasset" 335
"../../../Engine/Content/MobileResources/HUD/MobileHUDDirectionPad3.uasset" 336
"../../../Engine/Content/MobileResources/HUD/MobileHUDDirectionStick.uasset" 337
"../../../Engine/Content/MobileResources/HUD/T_Castle_ThumbstickInner.uasset" 338
"../../../Engine/Content/MobileResources/HUD/T_Castle_ThumbstickOutter.uasset" 339
"../../../Engine/Content/Tutorial/ContentIntroCurve.uasset" 340
"../../../Engine/Content/Tutorial/Basics/TutorialAssets/icon_tab_Levels_40x.uasset" 341
"../../../Engine/Content/Tutorial/BlueprintTutorials/TutorialAssets/BlueprintInterface_64x.uasset" 342
"../../../Engine/Content/Tutorial/BlueprintTutorials/TutorialAssets/BlueprintMacroLibrary_64x.uasset" 343
"../../../Engine/Content/Tutorial/BlueprintTutorials/TutorialAssets/Blueprint_64x.uasset" 344
"../../../Engine/Content/Tutorial/BlueprintTutorials/TutorialAssets/Tutorial_BP_Interface.uasset" 345
"../../../Engine/Content/Tutorial/Foliage/TutorialAssets/Foliage.uasset" 346
"../../../Engine/Content/Tutorial/Landscape/TutorialAssets/Landscape.uasset" 347
"../../../Engine/Content/Tutorial/Paper2D/TutorialAssets/Paper2DFlipbook_TutorialIcon.uasset" 348
"../../../Engine/Content/Tutorial/Paper2D/TutorialAssets/Paper2DSprite_TutorialIcon.uasset" 349
"../../../Engine/Content/Tutorial/SubEditors/TutorialAssets/icon_Editor_Preferences_General_40x.uasset" 350
"../../../Engine/Content/Tutorial/SubEditors/TutorialAssets/icon_ShowSkeletalMeshes_40x.uasset" 351
"../../../Engine/Content/Tutorial/SubEditors/TutorialAssets/TutorialMaterial.uasset" 352
"../../../Engine/Content/Tutorial/SubEditors/TutorialAssets/T_SmokeSubUV_8X8.uasset" 353
"../../../Engine/Content/Tutorial/SubEditors/TutorialAssets/T_soft_smoke.uasset" 354
"../../../Engine/Content/Tutorial/SubEditors/TutorialAssets/M_smoke_subUV_blackbody.uasset" 355
"../../../Engine/Content/Tutorial/SubEditors/TutorialAssets/TutorialParticleSystem.uasset" 356
"../../../Engine/Content/EditorMeshes/EditorCube.uasset" 357
"../../../Engine/Content/Tutorial/SubEditors/TutorialAssets/Tutorial_DM.uasset" 358
"../../../Engine/Content/VREditor/Devices/Generic/GenericHMDMaterial.uasset" 359
"../../../Engine/Content/VREditor/Devices/Generic/GenericHMD.uasset" 360
"../../../Engine/Content/VREditor/FloatingText/LineMaterial.uasset" 361
"../../../Engine/Content/VREditor/FloatingText/JointSphere.uasset" 362
"../../../Engine/Content/VREditor/FloatingText/LineSegmentCylinder.uasset" 363
"../../../Engine/Content/VREditor/Fonts/VRText_RobotoLarge.uasset" 364
"../../../Engine/Content/VREditor/Fonts/VRTextMaterial.uasset" 365
"../../../Engine/Content/VREditor/Fonts/TranslucentVRTextMaterial.uasset" 366
"../../../Engine/Content/VREditor/LaserPointer/VR_LaserPower_01.uasset" 367
"../../../Engine/Content/VREditor/TransformGizmo/TransformGizmoMaterial.uasset" 368
"../../../Engine/Content/VREditor/LaserPointer/HoverMaterial.uasset" 369
"../../../Engine/Content/VREditor/TransformGizmo/TranslucentTransformGizmoMaterial.uasset" 370
"../../../Engine/Content/VREditor/LaserPointer/TranslucentHoverMaterial.uasset" 371
"../../../Engine/Content/VREditor/LaserPointer/HoverMesh.uasset" 372
"../../../Engine/Content/VREditor/LaserPointer/LaserPointerMaterial.uasset" 373
"../../../Engine/Content/VREditor/LaserPointer/LaserPointerMaterialInst.uasset" 374
"../../../Engine/Content/VREditor/LaserPointer/TranslucentLaserPointerMaterialInst.uasset" 375
"../../../Engine/Content/VREditor/LaserPointer/LaserPointerMesh.uasset" 376
"../../../Engine/Content/VREditor/LaserPointer/LaserPointerMesh_End.uasset" 377
"../../../Engine/Content/VREditor/LaserPointer/LaserPointerMesh_Start.uasset" 378
"../../../Engine/Content/Functions/Engine_MaterialFunctions02/Utility/BreakOutFloat3Components.uasset" 379
"../../../Engine/Content/Functions/Engine_MaterialFunctions02/Math/Transform3x3Matrix.uasset" 380
"../../../Engine/Content/Functions/Engine_MaterialFunctions02/SplitComponents.uasset" 381
"../../../Engine/Content/VREditor/SnapGrid/SnapGridMaterial.uasset" 382
"../../../Engine/Content/VREditor/SnapGrid/SnapGridPlaneMesh.uasset" 383
"../../../Engine/Content/VREditor/Sounds/VR_teleport_Cue.uasset" 384
"../../../Engine/Content/VREditor/Sounds/UI/Click_on_Button_Cue.uasset" 385
"../../../Engine/Content/VREditor/Sounds/UI/Dockable_Window_Close.uasset" 386
"../../../Engine/Content/VREditor/Sounds/UI/Dockable_Window_Drop.uasset" 387
"../../../Engine/Content/VREditor/Sounds/UI/Dockable_Window_Open.uasset" 388
"../../../Engine/Content/VREditor/Sounds/UI/Dockable_Window_Pick_Up.uasset" 389
"../../../Engine/Content/VREditor/Sounds/UI/Drop_Item_From_ContentBrowser.uasset" 390
"../../../Engine/Content/VREditor/Sounds/UI/Floating_UI_Open-001.uasset" 391
"../../../Engine/Content/VREditor/Sounds/UI/Gizmo_Handle_Clicked.uasset" 392
"../../../Engine/Content/VREditor/Sounds/UI/Object_PickUp.uasset" 393
"../../../Engine/Content/VREditor/Sounds/UI/Object_Snaps_To_Another_Actor.uasset" 394
"../../../Engine/Content/VREditor/Sounds/UI/Object_Snaps_To_Grid.uasset" 395
"../../../Engine/Content/VREditor/Sounds/UI/Radial_Menu_FadeOut.uasset" 396
"../../../Engine/Content/VREditor/Sounds/UI/Scaling_Down.uasset" 397
"../../../Engine/Content/VREditor/Sounds/UI/Scaling_Up.uasset" 398
"../../../Engine/Content/VREditor/Sounds/UI/Selection_Changes.uasset" 399
"../../../Engine/Content/VREditor/Sounds/UI/Teleport_Mode_Entered.uasset" 400
"../../../Engine/Content/VREditor/Teleport/TeleportDirectionMaterial.uasset" 401
"../../../Engine/Content/VREditor/Teleport/TeleportDirectionMaterial_Inst.uasset" 402
"../../../Engine/Content/VREditor/Teleport/TeleportDirectionMesh.uasset" 403
"../../../Engine/Content/VREditor/TransformGizmo/BoundingBoxCorner.uasset" 404
"../../../Engine/Content/VREditor/TransformGizmo/BoundingBoxEdge.uasset" 405
"../../../Engine/Content/VREditor/TransformGizmo/PlaneTranslationHandle.uasset" 406
"../../../Engine/Content/VREditor/TransformGizmo/RotationHandle.uasset" 407
"../../../Engine/Content/VREditor/TransformGizmo/RotationHandleFull.uasset" 408
"../../../Engine/Content/VREditor/TransformGizmo/RotationHandleIndicator.uasset" 409
"../../../Engine/Content/VREditor/TransformGizmo/RotationHandleQuarter.uasset" 410
"../../../Engine/Content/VREditor/TransformGizmo/Main.uasset" 411
"../../../Engine/Content/VREditor/TransformGizmo/Xray.uasset" 412
"../../../Engine/Content/VREditor/TransformGizmo/SM_Dialog_Close.uasset" 413
"../../../Engine/Content/VREditor/TransformGizmo/SM_Dialog_Move.uasset" 414
"../../../Engine/Content/VREditor/TransformGizmo/SM_Sequencer_Key.uasset" 415
"../../../Engine/Content/VREditor/TransformGizmo/StartRotationHandleIndicator.uasset" 416
"../../../Engine/Content/VREditor/TransformGizmo/TransformGizmoMaterial_Inst.uasset" 417
"../../../Engine/Content/VREditor/TransformGizmo/TranslateArrowHandle.uasset" 418
"../../../Engine/Content/VREditor/TransformGizmo/TranslationHandle.uasset" 419
"../../../Engine/Content/VREditor/TransformGizmo/TranslucentTransformGizmoMaterial_Inst.uasset" 420
"../../../Engine/Content/VREditor/TransformGizmo/UniformScaleHandle.uasset" 421
"../../../Engine/Content/VREditor/UI/KeyDiskMaterial.uasset" 422
"../../../Engine/Content/VREditor/UI/DiscMaterial.uasset" 423
"../../../Engine/Content/VREditor/UI/SM_Radial_Disk.uasset" 424
"../../../Engine/Content/VREditor/WorldMovementGrid/SimpleGrid.uasset" 425
"../../../Engine/Content/VREditor/WorldMovementGrid/GridMaterial.uasset" 426
"../../../Engine/Content/Functions/Engine_MaterialFunctions01/Density/ExponentialDensity.uasset" 427
"../../../Engine/Content/VREditor/WorldMovementGrid/GridPostProcess.uasset" 428
"../../../Engine/Content/EditorLandscapeResources/FlattenHeightMat.uasset" 429
"../../../Engine/Content/VREditor/WorldMovementGrid/PlaneMesh.uasset" 430
"../../../ProjectSputter/Content/Enemies/Strider/Model/Strider03_Skeleton.uasset" 431
"../../../ProjectSputter/Content/Enemies/Strider/Model/Strider03_Anim.uasset" 432
"../../../ProjectSputter/Content/Enemies/Strider/Model/Stider01UV.uasset" 433
"../../../ProjectSputter/Content/Enemies/Strider/Model/Material.uasset" 434
"../../../ProjectSputter/Content/Enemies/Strider/Model/Strider03_PhysicsAsset.uasset" 435
"../../../ProjectSputter/Content/Enemies/Strider/Model/Strider03.uasset" 436
"../../../ProjectSputter/Content/Blueprints/Strider.uasset" 437
"../../../ProjectSputter/Content/Enemies/Mook/Blueprints/BB_Mook.uasset" 438
"../../../ProjectSputter/Content/Blueprints/AI_Test/MyBlackBoard.uasset" 439
"../../../Engine/Content/EditorBlueprintResources/StandardMacros.uasset" 440
"../../../ProjectSputter/Content/Blueprints/AI_Test/CloseEnough.uasset" 441
"../../../ProjectSputter/Content/TwinStickBP/Blueprints/M_ProjectileTest.uasset" 442
"../../../ProjectSputter/Content/TwinStick/Meshes/BaseMaterial.uasset" 443
"../../../ProjectSputter/Content/TwinStick/Meshes/OrangeMaterial.uasset" 444
"../../../ProjectSputter/Content/TwinStick/Meshes/TwinStickProjectile.uasset" 445
"../../../ProjectSputter/Content/TwinStickBP/Blueprints/TwinStickProjectile.uasset" 446
"../../../ProjectSputter/Content/Materials/M_TestEnemy.uasset" 447
"../../../ProjectSputter/Content/StarterContent/Textures/T_TableRound_M.uasset" 448
"../../../ProjectSputter/Content/StarterContent/Textures/T_TableRound_N.uasset" 449
"../../../ProjectSputter/Content/StarterContent/Props/Materials/M_TableRound.uasset" 450
"../../../ProjectSputter/Content/Enemies/TestEnemy/TestEnemy01_PhysicsAsset.uasset" 451
"../../../ProjectSputter/Content/Enemies/TestEnemy/TestEnemy01_Skeleton.uasset" 452
"../../../ProjectSputter/Content/Enemies/TestEnemy/TestEnemy01.uasset" 453
"../../../ProjectSputter/Content/Enemies/TestEnemy/TestEnemy01_Blueprint.uasset" 454
"../../../ProjectSputter/Content/TwinStickBP/Blueprints/TwinStickState.uasset" 455
"../../../ProjectSputter/Content/UserInterface/PlayerUI/PlayerUI.uasset" 456
"../../../ProjectSputter/Content/UserInterface/PlayerUI/MyHud.uasset" 457
"../../../ProjectSputter/Content/TwinStick/Audio/TwinStickFire.uasset" 458
"../../../ProjectSputter/Content/TwinStick/Meshes/BlueMaterial.uasset" 459
"../../../ProjectSputter/Content/TwinStick/Meshes/TwinStickUFO.uasset" 460
"../../../ProjectSputter/Content/TwinStickBP/Blueprints/TwinStickPawn.uasset" 461
"../../../ProjectSputter/Content/TwinStickBP/Blueprints/GeneralProjectile.uasset" 462
"../../../ProjectSputter/Content/StarterContent/Textures/T_Statue_M.uasset" 463
"../../../ProjectSputter/Content/StarterContent/Textures/T_Statue_N.uasset" 464
"../../../ProjectSputter/Content/StarterContent/Props/Materials/M_Statue.uasset" 465
"../../../ProjectSputter/Content/Blueprints/AI_Test/AI_Character.uasset" 466
"../../../ProjectSputter/Content/Blueprints/AI_Test/FireWeapons_AIC.uasset" 467
"../../../ProjectSputter/Content/Blueprints/AI_Test/RapidMoveTo_AIC.uasset" 468
"../../../ProjectSputter/Content/Blueprints/AI_Test/MyBehaviorTree.uasset" 469
"../../../Engine/Content/BasicShapes/BasicShapeMaterial.uasset" 470
"../../../ProjectSputter/Content/Enemies/Mook/Model/Mook_Diff.uasset" 471
"../../../ProjectSputter/Content/Enemies/Mook/Model/Material.uasset" 472
"../../../Engine/Content/BasicShapes/Sphere.uasset" 473
"../../../ProjectSputter/Content/Enemies/Mook/Model/Mook01_PhysicsAsset.uasset" 474
"../../../ProjectSputter/Content/Enemies/Mook/Model/Mook01_Skeleton.uasset" 475
"../../../ProjectSputter/Content/Enemies/Mook/Model/Mook01.uasset" 476
"../../../ProjectSputter/Content/Enemies/Mook/Blueprints/Mook.uasset" 477
"../../../ProjectSputter/Content/Blueprints/AI_Test/RapidMoveTo.uasset" 478
"../../../ProjectSputter/Content/Enemies/Mook/Blueprints/FireWeapons_Mook.uasset" 479
"../../../ProjectSputter/Content/Enemies/Mook/Blueprints/StopMovement.uasset" 480
"../../../ProjectSputter/Content/Enemies/Mook/Blueprints/BT_Mook2.uasset" 481
"../../../ProjectSputter/Content/Blueprints/AI_Test/AI_Controller.uasset" 482
"../../../ProjectSputter/Content/Blueprints/AI_Test/AggroCheck.uasset" 483
"../../../ProjectSputter/Content/Enemies/Mook/Blueprints/BT_Mook.uasset" 484
"../../../ProjectSputter/Content/Enemies/Mook/Materials/Mook_Diff.uasset" 485
"../../../ProjectSputter/Content/Enemies/Mook/Blueprints/Mook_Mat.uasset" 486
"../../../ProjectSputter/Content/Enemies/Mook/Blueprints/Material.uasset" 487
"../../../ProjectSputter/Content/Enemies/Mook/Model/Mook01SM.uasset" 488
"../../../ProjectSputter/Content/Enemies/TestEnemy/lambert1.uasset" 489
"../../../ProjectSputter/Content/Enemies/TestEnemy/TestTree.uasset" 490
"../../../ProjectSputter/Content/Geometry/Meshes/CubeMaterial.uasset" 491
"../../../ProjectSputter/Content/Geometry/Meshes/TemplateFloor.uasset" 492
"../../../Engine/Plugins/2D/Paper2D/Content/DummySprite.uasset" 493
"../../../Engine/Plugins/2D/Paper2D/Content/DefaultPaperTerrainMaterial.uasset" 494
"../../../Engine/Plugins/2D/Paper2D/Content/DefaultSpriteMaterial.uasset" 495
"../../../Engine/Plugins/2D/Paper2D/Content/MaskedUnlitSpriteMaterial.uasset" 496
"../../../Engine/Plugins/2D/Paper2D/Content/OpaqueUnlitSpriteMaterial.uasset" 497
"../../../Engine/Plugins/2D/Paper2D/Content/PlaceholderTextures/DummySpriteTexture.uasset" 498
"../../../Engine/Plugins/Runtime/GearVR/Content/Textures/GearVRController_AO.uasset" 499
"../../../Engine/Plugins/Runtime/GearVR/Content/Textures/GearVRController_Color.uasset" 500
"../../../Engine/Plugins/Runtime/GearVR/Content/Textures/GearVRController_Normal.uasset" 501
"../../../Engine/Plugins/Runtime/GearVR/Content/Materials/GearVRControllerMaterial.uasset" 502
"../../../Engine/Plugins/Runtime/GearVR/Content/Meshes/GearVrController.uasset" 503
"../../../ProjectSputter/Content/StarterContent/Blueprints/Assets/FogBrightnessLUT.uasset" 504
"../../../ProjectSputter/Content/StarterContent/Blueprints/Assets/SunlightColorLUT.uasset" 505
"../../../ProjectSputter/Content/StarterContent/Blueprints/Assets/M_LightStage_Arrows.uasset" 506
"../../../Engine/Content/MapTemplates/Sky/DaylightAmbientCubemap.uasset" 507
"../../../ProjectSputter/Content/StarterContent/Blueprints/Assets/M_LightStage_Skybox_Master.uasset" 508
"../../../ProjectSputter/Content/StarterContent/Blueprints/Assets/M_LightStage_Skybox_Black.uasset" 509
"../../../ProjectSputter/Content/StarterContent/Blueprints/Assets/M_LightStage_Skybox_HDRI.uasset" 510
"../../../ProjectSputter/Content/StarterContent/Blueprints/Assets/Skybox.uasset" 511
"../../../ProjectSputter/Content/StarterContent/Blueprints/Assets/SM_Arrows.uasset" 512
"../../../ProjectSputter/Content/StarterContent/HDRI/HDRI_Epic_Courtyard_Daylight.uasset" 513
"../../../ProjectSputter/Content/StarterContent/Blueprints/BP_LightStudio.uasset" 514
"../../../ProjectSputter/Content/StarterContent/Maps/Advanced_Lighting_BuiltData.uasset" 515
"../../../ProjectSputter/Content/StarterContent/Materials/M_AssetPlatform.uasset" 516
"../../../Engine/Content/EditorMeshes/ColorCalibrator/M_ChromeBall.uasset" 517
"../../../Engine/Content/EditorMeshes/ColorCalibrator/M_ClearCoat.uasset" 518
"../../../Engine/Content/EditorMeshes/ColorCalibrator/M_ClearCoatBlack.uasset" 519
"../../../Engine/Content/EditorMeshes/ColorCalibrator/M_ColorGrid.uasset" 520
"../../../Engine/Content/EditorMeshes/ColorCalibrator/M_GreyBall.uasset" 521
"../../../Engine/Content/EditorMeshes/ColorCalibrator/SM_ColorCalibrator.uasset" 522
"../../../ProjectSputter/Content/StarterContent/Architecture/SM_AssetPlatform.uasset" 523
"../../../ProjectSputter/Content/StarterContent/Maps/Advanced_Lighting.umap" 524
"../../../Engine/Content/EngineSky/C_Sky_Cloud_Color.uasset" 525
"../../../Engine/Content/EngineSky/C_Sky_Horizon_Color.uasset" 526
"../../../Engine/Content/EngineSky/C_Sky_Zenith_Color.uasset" 527
"../../../Engine/Content/EngineSky/T_Sky_Blue.uasset" 528
"../../../Engine/Content/EngineSky/T_Sky_Clouds_M.uasset" 529
"../../../Engine/Content/EngineSky/T_Sky_Stars.uasset" 530
"../../../Engine/Content/EngineSky/M_Sky_Panning_Clouds2.uasset" 531
"../../../Engine/Content/EngineSky/SM_SkySphere.uasset" 532
"../../../Engine/Content/EngineSky/BP_Sky_Sphere.uasset" 533
"../../../ProjectSputter/Content/StarterContent/Maps/Minimal_Default_BuiltData.uasset" 534
"../../../ProjectSputter/Content/StarterContent/Textures/T_MacroVariation.uasset" 535
"../../../ProjectSputter/Content/StarterContent/Materials/M_Metal_Brushed_Nickel.uasset" 536
"../../../ProjectSputter/Content/StarterContent/Textures/T_Metal_Aluminum_D.uasset" 537
"../../../ProjectSputter/Content/StarterContent/Textures/T_Metal_Gold_N.uasset" 538
"../../../ProjectSputter/Content/StarterContent/Materials/M_Metal_Burnished_Steel.uasset" 539
"../../../ProjectSputter/Content/StarterContent/Textures/T_Metal_Copper_D.uasset" 540
"../../../ProjectSputter/Content/StarterContent/Materials/M_Metal_Copper.uasset" 541
"../../../ProjectSputter/Content/StarterContent/Props/Materials/M_StatueGlass.uasset" 542
"../../../ProjectSputter/Content/StarterContent/Architecture/Floor_400x400.uasset" 543
"../../../ProjectSputter/Content/StarterContent/Audio/Starter_Background_Cue.uasset" 544
"../../../ProjectSputter/Content/StarterContent/Props/SM_Chair.uasset" 545
"../../../ProjectSputter/Content/StarterContent/Props/SM_Statue.uasset" 546
"../../../ProjectSputter/Content/StarterContent/Props/SM_TableRound.uasset" 547
"../../../ProjectSputter/Content/StarterContent/Maps/Minimal_Default.umap" 548
"../../../ProjectSputter/Content/StarterContent/Audio/Fire01_Cue.uasset" 549
"../../../ProjectSputter/Content/StarterContent/Textures/T_Fire_SubUV.uasset" 550
"../../../ProjectSputter/Content/StarterContent/Textures/T_Fire_Tiled_D.uasset" 551
"../../../ProjectSputter/Content/StarterContent/Particles/Materials/M_Fire_SubUV.uasset" 552
"../../../ProjectSputter/Content/StarterContent/Textures/T_Water_N.uasset" 553
"../../../ProjectSputter/Content/StarterContent/Particles/Materials/M_Heat_Distortion.uasset" 554
"../../../ProjectSputter/Content/StarterContent/Particles/Materials/M_Radial_Gradient.uasset" 555
"../../../ProjectSputter/Content/StarterContent/Particles/P_Fire.uasset" 556
"../../../ProjectSputter/Content/StarterContent/Blueprints/Blueprint_Effect_Fire.uasset" 557
"../../../ProjectSputter/Content/StarterContent/Audio/Smoke01_Cue.uasset" 558
"../../../ProjectSputter/Content/StarterContent/Particles/P_Smoke.uasset" 559
"../../../ProjectSputter/Content/StarterContent/Blueprints/Blueprint_Effect_Smoke.uasset" 560
"../../../ProjectSputter/Content/StarterContent/Audio/Fire_Sparks01_Cue.uasset" 561
"../../../ProjectSputter/Content/StarterContent/Textures/T_Spark_Core.uasset" 562
"../../../ProjectSputter/Content/StarterContent/Particles/Materials/M_Spark.uasset" 563
"../../../ProjectSputter/Content/StarterContent/Particles/P_Sparks.uasset" 564
"../../../ProjectSputter/Content/StarterContent/Blueprints/Blueprint_Effect_Sparks.uasset" 565
"../../../ProjectSputter/Content/StarterContent/Audio/Steam01_Cue.uasset" 566
"../../../ProjectSputter/Content/StarterContent/Particles/P_Steam_Lit.uasset" 567
"../../../ProjectSputter/Content/StarterContent/Blueprints/Blueprint_Effect_Steam.uasset" 568
"../../../ProjectSputter/Content/StarterContent/Textures/T_Lamp_M.uasset" 569
"../../../ProjectSputter/Content/StarterContent/Textures/T_Lamp_N.uasset" 570
"../../../ProjectSputter/Content/StarterContent/Props/Materials/M_Lamp.uasset" 571
"../../../ProjectSputter/Content/StarterContent/Props/SM_Lamp_Ceiling.uasset" 572
"../../../ProjectSputter/Content/StarterContent/Blueprints/Blueprint_CeilingLight.uasset" 573
"../../../ProjectSputter/Content/StarterContent/Props/SM_Lamp_Wall.uasset" 574
"../../../ProjectSputter/Content/StarterContent/Blueprints/Blueprint_WallSconce.uasset" 575
"../../../ProjectSputter/Content/StarterContent/Maps/StarterMap_BuiltData.uasset" 576
"../../../Engine/Content/EngineMaterials/AntiAliasedTextMaterialTranslucent.uasset" 577
"../../../ProjectSputter/Content/StarterContent/Textures/T_Brick_Clay_Beveled_D.uasset" 578
"../../../ProjectSputter/Content/StarterContent/Textures/T_Brick_Clay_Beveled_M.uasset" 579
"../../../ProjectSputter/Content/StarterContent/Textures/T_Brick_Clay_Beveled_N.uasset" 580
"../../../ProjectSputter/Content/StarterContent/Materials/M_Brick_Clay_Beveled.uasset" 581
"../../../ProjectSputter/Content/StarterContent/Textures/T_Brick_Clay_New_D.uasset" 582
"../../../ProjectSputter/Content/StarterContent/Textures/T_Brick_Clay_New_M.uasset" 583
"../../../ProjectSputter/Content/StarterContent/Textures/T_Brick_Clay_New_N.uasset" 584
"../../../ProjectSputter/Content/StarterContent/Materials/M_Brick_Clay_New.uasset" 585
"../../../ProjectSputter/Content/StarterContent/Textures/T_Brick_Clay_Old_D.uasset" 586
"../../../ProjectSputter/Content/StarterContent/Textures/T_Brick_Clay_Old_N.uasset" 587
"../../../ProjectSputter/Content/StarterContent/Textures/T_Perlin_Noise_M.uasset" 588
"../../../ProjectSputter/Content/StarterContent/Materials/M_Brick_Clay_Old.uasset" 589
"../../../ProjectSputter/Content/StarterContent/Textures/T_Brick_Cut_Stone_D.uasset" 590
"../../../ProjectSputter/Content/StarterContent/Textures/T_Brick_Cut_Stone_N.uasset" 591
"../../../ProjectSputter/Content/StarterContent/Materials/M_Brick_Cut_Stone.uasset" 592
"../../../ProjectSputter/Content/StarterContent/Textures/T_Brick_Hewn_Stone_D.uasset" 593
"../../../ProjectSputter/Content/StarterContent/Textures/T_Brick_Hewn_Stone_M.uasset" 594
"../../../ProjectSputter/Content/StarterContent/Textures/T_Brick_Hewn_Stone_N.uasset" 595
"../../../ProjectSputter/Content/StarterContent/Materials/M_Brick_Hewn_Stone.uasset" 596
"../../../ProjectSputter/Content/StarterContent/Textures/T_Ceramic_Tile_M.uasset" 597
"../../../ProjectSputter/Content/StarterContent/Textures/T_Ceramic_Tile_N.uasset" 598
"../../../ProjectSputter/Content/StarterContent/Textures/T_Rock_Marble_Polished_D.uasset" 599
"../../../ProjectSputter/Content/StarterContent/Materials/M_Ceramic_Tile_Checker.uasset" 600
"../../../ProjectSputter/Content/StarterContent/Textures/T_CobbleStone_Pebble_D.uasset" 601
"../../../ProjectSputter/Content/StarterContent/Textures/T_CobbleStone_Pebble_M.uasset" 602
"../../../ProjectSputter/Content/StarterContent/Textures/T_CobbleStone_Pebble_N.uasset" 603
"../../../ProjectSputter/Content/StarterContent/Materials/M_CobbleStone_Pebble.uasset" 604
"../../../ProjectSputter/Content/StarterContent/Textures/T_CobbleStone_Rough_D.uasset" 605
"../../../ProjectSputter/Content/StarterContent/Textures/T_CobbleStone_Rough_N.uasset" 606
"../../../ProjectSputter/Content/StarterContent/Textures/T_Gradinet_01.uasset" 607
"../../../ProjectSputter/Content/StarterContent/Textures/T_Rock_Smooth_Granite_D.uasset" 608
"../../../ProjectSputter/Content/StarterContent/Materials/M_CobbleStone_Rough.uasset" 609
"../../../ProjectSputter/Content/StarterContent/Textures/T_CobbleStone_Smooth_D.uasset" 610
"../../../ProjectSputter/Content/StarterContent/Textures/T_CobbleStone_Smooth_M.uasset" 611
"../../../ProjectSputter/Content/StarterContent/Textures/T_CobbleStone_Smooth_N.uasset" 612
"../../../ProjectSputter/Content/StarterContent/Materials/M_CobbleStone_Smooth.uasset" 613
"../../../ProjectSputter/Content/StarterContent/Textures/T_Concrete_Grime_D.uasset" 614
"../../../ProjectSputter/Content/StarterContent/Textures/T_Metal_Rust_N.uasset" 615
"../../../ProjectSputter/Content/StarterContent/Materials/M_Concrete_Grime.uasset" 616
"../../../ProjectSputter/Content/StarterContent/Textures/T_Concrete_Panels_D.uasset" 617
"../../../ProjectSputter/Content/StarterContent/Textures/T_Concrete_Panels_N.uasset" 618
"../../../ProjectSputter/Content/StarterContent/Materials/M_Concrete_Panels.uasset" 619
"../../../ProjectSputter/Content/StarterContent/Textures/T_Concrete_Poured_D.uasset" 620
"../../../ProjectSputter/Content/StarterContent/Textures/T_Concrete_Poured_N.uasset" 621
"../../../ProjectSputter/Content/StarterContent/Materials/M_Concrete_Poured.uasset" 622
"../../../ProjectSputter/Content/StarterContent/Textures/T_Concrete_Tiles_D.uasset" 623
"../../../ProjectSputter/Content/StarterContent/Textures/T_Concrete_Tiles_M.uasset" 624
"../../../ProjectSputter/Content/StarterContent/Textures/T_Concrete_Tiles_N.uasset" 625
"../../../ProjectSputter/Content/StarterContent/Textures/T_Concrete_Tiles_Variation_M.uasset" 626
"../../../ProjectSputter/Content/StarterContent/Materials/M_Concrete_Tiles.uasset" 627
"../../../ProjectSputter/Content/StarterContent/Textures/T_Ground_Grass_D.uasset" 628
"../../../ProjectSputter/Content/StarterContent/Textures/T_Ground_Grass_N.uasset" 629
"../../../ProjectSputter/Content/StarterContent/Materials/M_Ground_Grass.uasset" 630
"../../../ProjectSputter/Content/StarterContent/Textures/T_Ground_Gravel_D.uasset" 631
"../../../ProjectSputter/Content/StarterContent/Textures/T_Ground_Gravel_N.uasset" 632
"../../../ProjectSputter/Content/StarterContent/Materials/M_Ground_Gravel.uasset" 633
"../../../ProjectSputter/Content/StarterContent/Textures/T_ground_Moss_D.uasset" 634
"../../../ProjectSputter/Content/StarterContent/Textures/T_Ground_Moss_N.uasset" 635
"../../../ProjectSputter/Content/StarterContent/Materials/M_Ground_Moss.uasset" 636
"../../../ProjectSputter/Content/StarterContent/Materials/M_Metal_Chrome.uasset" 637
"../../../ProjectSputter/Content/StarterContent/Textures/T_Metal_Gold_D.uasset" 638
"../../../ProjectSputter/Content/StarterContent/Materials/M_Metal_Gold.uasset" 639
"../../../ProjectSputter/Content/StarterContent/Textures/T_Metal_Rust_D.uasset" 640
"../../../ProjectSputter/Content/StarterContent/Materials/M_Metal_Rust.uasset" 641
"../../../ProjectSputter/Content/StarterContent/Textures/T_Metal_Steel_D.uasset" 642
"../../../ProjectSputter/Content/StarterContent/Textures/T_Metal_Steel_N.uasset" 643
"../../../ProjectSputter/Content/StarterContent/Materials/M_Metal_Steel.uasset" 644
"../../../ProjectSputter/Content/StarterContent/Textures/T_Rock_Basalt_N.uasset" 645
"../../../ProjectSputter/Content/StarterContent/Materials/M_Rock_Basalt.uasset" 646
"../../../ProjectSputter/Content/StarterContent/Materials/M_Rock_Marble_Polished.uasset" 647
"../../../ProjectSputter/Content/StarterContent/Textures/T_Rock_Sandstone_D.uasset" 648
"../../../ProjectSputter/Content/StarterContent/Textures/T_Rock_Sandstone_N.uasset" 649
"../../../ProjectSputter/Content/StarterContent/Materials/M_Rock_Sandstone.uasset" 650
"../../../ProjectSputter/Content/StarterContent/Textures/T_Rock_Slate_D.uasset" 651
"../../../ProjectSputter/Content/StarterContent/Textures/T_Rock_Slate_N.uasset" 652
"../../../ProjectSputter/Content/StarterContent/Materials/M_Rock_Slate.uasset" 653
"../../../ProjectSputter/Content/StarterContent/Textures/T_Checker_Noise_M.uasset" 654
"../../../ProjectSputter/Content/StarterContent/Textures/T_Single_Tile_N.uasset" 655
"../../../ProjectSputter/Content/StarterContent/Textures/T_Tech_Dot_M.uasset" 656
"../../../ProjectSputter/Content/StarterContent/Textures/T_Tech_Dot_N.uasset" 657
"../../../ProjectSputter/Content/StarterContent/Materials/M_Tech_Checker_Dot.uasset" 658
"../../../ProjectSputter/Content/StarterContent/Textures/T_Tech_Hex_Tile_M.uasset" 659
"../../../ProjectSputter/Content/StarterContent/Textures/T_Tech_Hex_Tile_N.uasset" 660
"../../../ProjectSputter/Content/StarterContent/Materials/M_Tech_Hex_Tile.uasset" 661
"../../../ProjectSputter/Content/StarterContent/Materials/M_Tech_Hex_Tile_Pulse.uasset" 662
"../../../ProjectSputter/Content/StarterContent/Textures/T_Tech_Panel_M.uasset" 663
"../../../ProjectSputter/Content/StarterContent/Textures/T_Tech_Panel_N.uasset" 664
"../../../ProjectSputter/Content/StarterContent/Materials/M_Tech_Panel.uasset" 665
"../../../ProjectSputter/Content/StarterContent/Materials/M_Water_Lake.uasset" 666
"../../../ProjectSputter/Content/StarterContent/Textures/T_Water_M.uasset" 667
"../../../ProjectSputter/Content/StarterContent/Materials/M_Water_Ocean.uasset" 668
"../../../ProjectSputter/Content/StarterContent/Textures/T_Wood_Floor_Walnut_D.uasset" 669
"../../../ProjectSputter/Content/StarterContent/Textures/T_Wood_Floor_Walnut_M.uasset" 670
"../../../ProjectSputter/Content/StarterContent/Textures/T_Wood_Floor_Walnut_N.uasset" 671
"../../../ProjectSputter/Content/StarterContent/Materials/M_Wood_Floor_Walnut_Polished.uasset" 672
"../../../Engine/Content/Functions/Engine_MaterialFunctions01/Opacity/AlphaOffset.uasset" 673
"../../../ProjectSputter/Content/StarterContent/Materials/M_Wood_Floor_Walnut_Worn.uasset" 674
"../../../ProjectSputter/Content/StarterContent/Textures/T_Wood_Oak_D.uasset" 675
"../../../ProjectSputter/Content/StarterContent/Textures/T_Wood_Oak_N.uasset" 676
"../../../ProjectSputter/Content/StarterContent/Materials/M_Wood_Oak.uasset" 677
"../../../ProjectSputter/Content/StarterContent/Textures/T_Wood_Pine_D.uasset" 678
"../../../ProjectSputter/Content/StarterContent/Textures/T_Wood_Pine_N.uasset" 679
"../../../ProjectSputter/Content/StarterContent/Materials/M_Wood_Pine.uasset" 680
"../../../ProjectSputter/Content/StarterContent/Textures/T_Wood_Walnut_D.uasset" 681
"../../../ProjectSputter/Content/StarterContent/Textures/T_Wood_Walnut_N.uasset" 682
"../../../ProjectSputter/Content/StarterContent/Materials/M_Wood_Walnut.uasset" 683
"../../../ProjectSputter/Content/StarterContent/Architecture/Wall_400x200.uasset" 684
"../../../ProjectSputter/Content/StarterContent/Architecture/Wall_Door_400x300.uasset" 685
"../../../ProjectSputter/Content/StarterContent/Architecture/Wall_Window_400x300.uasset" 686
"../../../ProjectSputter/Content/StarterContent/Audio/Collapse_Cue.uasset" 687
"../../../ProjectSputter/Content/StarterContent/Audio/Starter_Music_Cue.uasset" 688
"../../../ProjectSputter/Content/StarterContent/Textures/T_Dust_Particle_D.uasset" 689
"../../../ProjectSputter/Content/StarterContent/Particles/Materials/M_Dust_Particle.uasset" 690
"../../../ProjectSputter/Content/StarterContent/Particles/P_Ambient_Dust.uasset" 691
"../../../ProjectSputter/Content/StarterContent/Props/MaterialSphere.uasset" 692
"../../../ProjectSputter/Content/StarterContent/Textures/T_Frame_M.uasset" 693
"../../../ProjectSputter/Content/StarterContent/Textures/T_Frame_N.uasset" 694
"../../../ProjectSputter/Content/StarterContent/Props/Materials/M_Frame.uasset" 695
"../../../ProjectSputter/Content/StarterContent/Props/SM_CornerFrame.uasset" 696
"../../../ProjectSputter/Content/StarterContent/Props/SM_DoorFrame.uasset" 697
"../../../ProjectSputter/Content/StarterContent/Props/SM_GlassWindow.uasset" 698
"../../../ProjectSputter/Content/StarterContent/Props/SM_PillarFrame.uasset" 699
"../../../ProjectSputter/Content/StarterContent/Props/SM_PillarFrame300.uasset" 700
"../../../ProjectSputter/Content/StarterContent/Props/SM_WindowFrame.uasset" 701
"../../../ProjectSputter/Content/StarterContent/Shapes/Shape_Cube.uasset" 702
"../../../ProjectSputter/Content/StarterContent/Shapes/Shape_QuadPyramid.uasset" 703
"../../../ProjectSputter/Content/StarterContent/Shapes/Shape_Sphere.uasset" 704
"../../../ProjectSputter/Content/StarterContent/Maps/StarterMap.umap" 705
"../../../ProjectSputter/Content/Blueprints/GameState.uasset" 706
"../../../ProjectSputter/Content/Geometry/Meshes/1M_Cube.uasset" 707
"../../../ProjectSputter/Content/Enemies/TestEnemy/TestObstacle01.uasset" 708
"../../../ProjectSputter/Content/Blueprints/NewPlayerController.uasset" 709
"../../../ProjectSputter/Content/TwinStickBP/Blueprints/TwinStickGameMode.uasset" 710
"../../../ProjectSputter/Content/TwinStickBP/Maps/TwinStickExampleMap_BuiltData.uasset" 711
"../../../ProjectSputter/Content/Geometry/Meshes/1M_Cube_Chamfer.uasset" 712
"../../../ProjectSputter/Content/UserInterface/GameConsole.uasset" 713
"../../../ProjectSputter/Content/UserInterface/SputterEntry.uasset" 714
"../../../ProjectSputter/Content/Images/Pipes/CurveLeftPipe.uasset" 715
"../../../ProjectSputter/Content/Images/Pipes/CurveRightPipe.uasset" 716
"../../../ProjectSputter/Content/Images/Pipes/StraightPipe.uasset" 717
"../../../ProjectSputter/Content/UserInterface/SputterUI/WidgetObjectTest.uasset" 718
"../../../ProjectSputter/Content/UserInterface/SputterUI/PlacementGridEntry.uasset" 719
"../../../ProjectSputter/Content/Levels/MyGameInstance.uasset" 720
"../../../ProjectSputter/Content/Images/SurvivalLevelPreview.uasset" 721
"../../../ProjectSputter/Content/UserInterface/MainMenu/DefenseMissionPanel.uasset" 722
"../../../ProjectSputter/Content/UserInterface/SputterUI/InfoPanel_Pipe.uasset" 723
"../../../ProjectSputter/Content/UserInterface/SputterUI/InfoPanel_Sputter.uasset" 724
"../../../ProjectSputter/Content/UserInterface/SputterUI/EditSputter.uasset" 725
"../../../ProjectSputter/Content/UserInterface/SputterUI/PipeGridEntry.uasset" 726
"../../../ProjectSputter/Content/UserInterface/PipeGameTest01.uasset" 727
"../../../ProjectSputter/Content/TwinStickBP/Maps/TwinStickExampleMap.umap" 728
"../../../Engine/Content/Maps/Entry.umap" 729
"../../../ProjectSputter/Content/Levels/MainMenu_BuiltData.uasset" 730
"../../../ProjectSputter/Content/UserInterface/MainMenu/MainMenu.uasset" 731
"../../../ProjectSputter/Content/Levels/MainMenu.umap" 732
"../../../ProjectSputter/Content/Blueprints/GameState/SputterGameSave.uasset" 733
"../../../ProjectSputter/Content/Levels/MissionSelect_BuiltData.uasset" 734
"../../../ProjectSputter/Content/UserInterface/MainMenu/MissionSelect.uasset" 735
"../../../ProjectSputter/Content/Levels/MissionSelect.umap" 736
"../../../ProjectSputter/Content/Levels/EnemySpawningBox.uasset" 737
"../../../ProjectSputter/Content/Levels/SurvivalLevel01_BuiltData.uasset" 738
"../../../ProjectSputter/Content/Materials/Grey.uasset" 739
"../../../ProjectSputter/Content/UserInterface/PlayerUI/EndLevelScreen.uasset" 740
"../../../ProjectSputter/Content/Levels/SurvivalLevel01.umap" 741
"../../../ProjectSputter/Content/Levels/SurvivalLevel01b.umap" 742
